<?xml version="1.0" encoding="UTF-8"?>
<testng-results ignored="0" total="1" passed="1" failed="0" skipped="0">
  <reporter-output>
  </reporter-output>
  <suite started-at="2022-10-05T17:23:10 COT" name="Suite" finished-at="2022-10-05T17:24:19 COT" duration-ms="68828">
    <groups>
    </groups>
    <test started-at="2022-10-05T17:23:10 COT" name="Test" finished-at="2022-10-05T17:24:19 COT" duration-ms="68828">
      <class name="Run.EjemploTestNG">
        <test-method is-config="true" signature="beforeClass(java.lang.String, java.lang.String, java.lang.String, java.lang.String, java.lang.String, java.lang.String, java.lang.String, java.lang.String, java.lang.String)[pri:0, instance:Run.EjemploTestNG@3a6bb9bf]" started-at="2022-10-05T17:23:10 COT" name="beforeClass" finished-at="2022-10-05T17:23:23 COT" duration-ms="12968" status="PASS">
          <params>
            <param index="0">
              <value>
                <![CDATA[./imagenes/logo_periferia.png]]>
              </value>
            </param>
            <param index="1">
              <value>
                <![CDATA[./output/]]>
              </value>
            </param>
            <param index="2">
              <value>
                <![CDATA[Android]]>
              </value>
            </param>
            <param index="3">
              <value>
                <![CDATA[R9YT41BNT6N]]>
              </value>
            </param>
            <param index="4">
              <value>
                <![CDATA[11]]>
              </value>
            </param>
            <param index="5">
              <value>
                <![CDATA[com.oldmutual.mobileapp2]]>
              </value>
            </param>
            <param index="6">
              <value>
                <![CDATA[com.example.skandia.MainActivity]]>
              </value>
            </param>
            <param index="7">
              <value>
                <![CDATA[true]]>
              </value>
            </param>
            <param index="8">
              <value>
                <![CDATA[true]]>
              </value>
            </param>
          </params>
          <reporter-output>
          </reporter-output>
        </test-method> <!-- beforeClass -->
        <test-method signature="Ingresar_Direccion(java.lang.String, java.lang.String, java.lang.String, java.lang.String, java.lang.String, java.lang.String)[pri:0, instance:Run.EjemploTestNG@3a6bb9bf]" started-at="2022-10-05T17:23:24 COT" name="Ingresar_Direccion" description="Logueo" data-provider="AppClaro" finished-at="2022-10-05T17:24:19 COT" duration-ms="55104" status="PASS">
          <params>
            <param index="0">
              <value>
                <![CDATA[SI]]>
              </value>
            </param>
            <param index="1">
              <value>
                <![CDATA[SI]]>
              </value>
            </param>
            <param index="2">
              <value>
                <![CDATA[-71218223]]>
              </value>
            </param>
            <param index="3">
              <value>
                <![CDATA[12]]>
              </value>
            </param>
            <param index="4">
              <value>
                <![CDATA[104422620]]>
              </value>
            </param>
            <param index="5">
              <value>
                <![CDATA[prueba1234]]>
              </value>
            </param>
          </params>
          <reporter-output>
          </reporter-output>
        </test-method> <!-- Ingresar_Direccion -->
        <test-method is-config="true" signature="afterClass()[pri:0, instance:Run.EjemploTestNG@3a6bb9bf]" started-at="2022-10-05T17:24:19 COT" name="afterClass" finished-at="2022-10-05T17:24:19 COT" duration-ms="2" status="PASS">
          <reporter-output>
          </reporter-output>
        </test-method> <!-- afterClass -->
      </class> <!-- Run.EjemploTestNG -->
    </test> <!-- Test -->
  </suite> <!-- Suite -->
</testng-results>
